e:\github\programmers\x64\debug\vc142.pdb
e:\github\programmers\x64\debug\vc142.idb
e:\github\programmers\x64\debug\베스트앨범.obj
c:\users\xps\documents\github\programmers\filename.obj
e:\github\programmers\x64\debug\programmers.pdb
e:\github\programmers\x64\debug\programmers.tlog\cl.command.1.tlog
e:\github\programmers\x64\debug\programmers.tlog\cl.read.1.tlog
e:\github\programmers\x64\debug\programmers.tlog\cl.write.1.tlog
e:\github\programmers\x64\debug\programmers.tlog\clang-cl.14016.delete.1.tlog
e:\github\programmers\x64\debug\programmers.tlog\clang-cl.14016.write.1.tlog
e:\github\programmers\x64\debug\programmers.tlog\clang-cl.command.1.tlog
e:\github\programmers\x64\debug\programmers.tlog\clang-cl.read.1.tlog
e:\github\programmers\x64\debug\programmers.tlog\link-cvtres.read.1.tlog
e:\github\programmers\x64\debug\programmers.tlog\link-cvtres.write.1.tlog
e:\github\programmers\x64\debug\programmers.tlog\link-rc.read.1.tlog
e:\github\programmers\x64\debug\programmers.tlog\link-rc.write.1.tlog
e:\github\programmers\x64\debug\programmers.tlog\link.command.1.tlog
e:\github\programmers\x64\debug\programmers.tlog\link.read.1.tlog
e:\github\programmers\x64\debug\programmers.tlog\link.write.1.tlog
e:\github\programmers\x64\debug\programmers.tlog\lld-link.command.1.tlog
e:\github\programmers\x64\debug\programmers.tlog\lld-link.read.1.tlog
e:\github\programmers\x64\debug\programmers.tlog\lld-link.read.2.tlog
e:\github\programmers\x64\debug\programmers.tlog\lld-link.read.3.tlog
